Determining if the pthread_create exist failed with the following output:
Change Dir: /home/maxime/projets-ros/integration_ws/build/CMakeFiles/CMakeTmp

Run Build Command:/usr/bin/make "cmTryCompileExec830205462/fast"
/usr/bin/make -f CMakeFiles/cmTryCompileExec830205462.dir/build.make CMakeFiles/cmTryCompileExec830205462.dir/build
make[1]: Entering directory `/home/maxime/projets-ros/integration_ws/build/CMakeFiles/CMakeTmp'
/usr/bin/cmake -E cmake_progress_report /home/maxime/projets-ros/integration_ws/build/CMakeFiles/CMakeTmp/CMakeFiles 1
Building C object CMakeFiles/cmTryCompileExec830205462.dir/CheckSymbolExists.c.o
/usr/bin/cc    -o CMakeFiles/cmTryCompileExec830205462.dir/CheckSymbolExists.c.o   -c /home/maxime/projets-ros/integration_ws/build/CMakeFiles/CMakeTmp/CheckSymbolExists.c
Linking C executable cmTryCompileExec830205462
/usr/bin/cmake -E cmake_link_script CMakeFiles/cmTryCompileExec830205462.dir/link.txt --verbose=1
/usr/bin/cc       CMakeFiles/cmTryCompileExec830205462.dir/CheckSymbolExists.c.o  -o cmTryCompileExec830205462 -rdynamic 
CMakeFiles/cmTryCompileExec830205462.dir/CheckSymbolExists.c.o: In function `main':
CheckSymbolExists.c:(.text+0x16): undefined reference to `pthread_create'
collect2: error: ld returned 1 exit status
make[1]: Leaving directory `/home/maxime/projets-ros/integration_ws/build/CMakeFiles/CMakeTmp'
make[1]: *** [cmTryCompileExec830205462] Error 1
make: *** [cmTryCompileExec830205462/fast] Error 2

File /home/maxime/projets-ros/integration_ws/build/CMakeFiles/CMakeTmp/CheckSymbolExists.c:
/* */
#include <pthread.h>

int main(int argc, char** argv)
{
  (void)argv;
#ifndef pthread_create
  return ((int*)(&pthread_create))[argc];
#else
  (void)argc;
  return 0;
#endif
}

Determining if the function pthread_create exists in the pthreads failed with the following output:
Change Dir: /home/maxime/projets-ros/integration_ws/build/CMakeFiles/CMakeTmp

Run Build Command:/usr/bin/make "cmTryCompileExec2113989724/fast"
/usr/bin/make -f CMakeFiles/cmTryCompileExec2113989724.dir/build.make CMakeFiles/cmTryCompileExec2113989724.dir/build
make[1]: Entering directory `/home/maxime/projets-ros/integration_ws/build/CMakeFiles/CMakeTmp'
/usr/bin/cmake -E cmake_progress_report /home/maxime/projets-ros/integration_ws/build/CMakeFiles/CMakeTmp/CMakeFiles 1
Building C object CMakeFiles/cmTryCompileExec2113989724.dir/CheckFunctionExists.c.o
/usr/bin/cc   -DCHECK_FUNCTION_EXISTS=pthread_create   -o CMakeFiles/cmTryCompileExec2113989724.dir/CheckFunctionExists.c.o   -c /usr/share/cmake-2.8/Modules/CheckFunctionExists.c
Linking C executable cmTryCompileExec2113989724
/usr/bin/cmake -E cmake_link_script CMakeFiles/cmTryCompileExec2113989724.dir/link.txt --verbose=1
/usr/bin/cc   -DCHECK_FUNCTION_EXISTS=pthread_create    CMakeFiles/cmTryCompileExec2113989724.dir/CheckFunctionExists.c.o  -o cmTryCompileExec2113989724 -rdynamic -lpthreads 
/usr/bin/ld: cannot find -lpthreads
collect2: error: ld returned 1 exit status
make[1]: *** [cmTryCompileExec2113989724] Error 1
make[1]: Leaving directory `/home/maxime/projets-ros/integration_ws/build/CMakeFiles/CMakeTmp'
make: *** [cmTryCompileExec2113989724/fast] Error 2


